Copyright 1986-2022 Xilinx, Inc. All Rights Reserved. Copyright 2022-2023 Advanced Micro Devices, Inc. All Rights Reserved.
---------------------------------------------------------------------------------------------------------------------------------------------
| Tool Version : Vivado v.2023.2 (win64) Build 4029153 Fri Oct 13 20:14:34 MDT 2023
| Date         : Mon Mar  3 20:13:20 2025
| Host         : Mete running 64-bit major release  (build 9200)
| Command      : report_timing_summary -file output/post_route_timing_summary.rpt
| Design       : CAMMMP_TECH
| Device       : 7a35t-cpg236
| Speed File   : -1  PRODUCTION 1.23 2018-06-13
| Design State : Routed
---------------------------------------------------------------------------------------------------------------------------------------------

Timing Summary Report

------------------------------------------------------------------------------------------------
| Timer Settings
| --------------
------------------------------------------------------------------------------------------------

  Enable Multi Corner Analysis               :  Yes
  Enable Pessimism Removal                   :  Yes
  Pessimism Removal Resolution               :  Nearest Common Node
  Enable Input Delay Default Clock           :  No
  Enable Preset / Clear Arcs                 :  No
  Disable Flight Delays                      :  No
  Ignore I/O Paths                           :  No
  Timing Early Launch at Borrowing Latches   :  No
  Borrow Time for Max Delay Exceptions       :  Yes
  Merge Timing Exceptions                    :  Yes
  Inter-SLR Compensation                     :  Conservative

  Corner  Analyze    Analyze    
  Name    Max Paths  Min Paths  
  ------  ---------  ---------  
  Slow    Yes        Yes        
  Fast    Yes        Yes        


------------------------------------------------------------------------------------------------
| Report Methodology
| ------------------
------------------------------------------------------------------------------------------------

No report available as report_methodology has not been run prior. Run report_methodology on the current design for the summary of methodology violations.



check_timing report

Table of Contents
-----------------
1. checking no_clock (0)
2. checking constant_clock (0)
3. checking pulse_width_clock (0)
4. checking unconstrained_internal_endpoints (0)
5. checking no_input_delay (1)
6. checking no_output_delay (1)
7. checking multiple_clock (0)
8. checking generated_clocks (0)
9. checking loops (0)
10. checking partial_input_delay (0)
11. checking partial_output_delay (0)
12. checking latch_loops (0)

1. checking no_clock (0)
------------------------
 There are 0 register/latch pins with no clock.


2. checking constant_clock (0)
------------------------------
 There are 0 register/latch pins with constant_clock.


3. checking pulse_width_clock (0)
---------------------------------
 There are 0 register/latch pins which need pulse_width check


4. checking unconstrained_internal_endpoints (0)
------------------------------------------------
 There are 0 pins that are not constrained for maximum delay.

 There are 0 pins that are not constrained for maximum delay due to constant clock.


5. checking no_input_delay (1)
------------------------------
 There is 1 input port with no input delay specified. (HIGH)

 There are 0 input ports with no input delay but user has a false path constraint.


6. checking no_output_delay (1)
-------------------------------
 There is 1 port with no output delay specified. (HIGH)

 There are 0 ports with no output delay but user has a false path constraint

 There are 0 ports with no output delay but with a timing clock defined on it or propagating through it


7. checking multiple_clock (0)
------------------------------
 There are 0 register/latch pins with multiple clocks.


8. checking generated_clocks (0)
--------------------------------
 There are 0 generated clocks that are not connected to a clock source.


9. checking loops (0)
---------------------
 There are 0 combinational loops in the design.


10. checking partial_input_delay (0)
------------------------------------
 There are 0 input ports with partial input delay specified.


11. checking partial_output_delay (0)
-------------------------------------
 There are 0 ports with partial output delay specified.


12. checking latch_loops (0)
----------------------------
 There are 0 combinational latch loops in the design through latch input



------------------------------------------------------------------------------------------------
| Design Timing Summary
| ---------------------
------------------------------------------------------------------------------------------------

    WNS(ns)      TNS(ns)  TNS Failing Endpoints  TNS Total Endpoints      WHS(ns)      THS(ns)  THS Failing Endpoints  THS Total Endpoints     WPWS(ns)     TPWS(ns)  TPWS Failing Endpoints  TPWS Total Endpoints  
    -------      -------  ---------------------  -------------------      -------      -------  ---------------------  -------------------     --------     --------  ----------------------  --------------------  
     94.258        0.000                      0                 1933        0.104        0.000                      0                 1933        3.000        0.000                       0                   659  


All user specified timing constraints are met.


------------------------------------------------------------------------------------------------
| Clock Summary
| -------------
------------------------------------------------------------------------------------------------

Clock            Waveform(ns)         Period(ns)      Frequency(MHz)
-----            ------------         ----------      --------------
sys_clk_pin      {0.000 5.000}        10.000          100.000         
  clk_f10_p0     {0.000 50.000}       100.000         10.000          
  mmcm_feedback  {0.000 25.000}       50.000          20.000          


------------------------------------------------------------------------------------------------
| Intra Clock Table
| -----------------
------------------------------------------------------------------------------------------------

Clock                WNS(ns)      TNS(ns)  TNS Failing Endpoints  TNS Total Endpoints      WHS(ns)      THS(ns)  THS Failing Endpoints  THS Total Endpoints     WPWS(ns)     TPWS(ns)  TPWS Failing Endpoints  TPWS Total Endpoints  
-----                -------      -------  ---------------------  -------------------      -------      -------  ---------------------  -------------------     --------     --------  ----------------------  --------------------  
sys_clk_pin                                                                                                                                                        3.000        0.000                       0                     1  
  clk_f10_p0          94.258        0.000                      0                 1280        0.104        0.000                      0                 1280       49.500        0.000                       0                   656  
  mmcm_feedback                                                                                                                                                   48.751        0.000                       0                     2  


------------------------------------------------------------------------------------------------
| Inter Clock Table
| -----------------
------------------------------------------------------------------------------------------------

From Clock    To Clock          WNS(ns)      TNS(ns)  TNS Failing Endpoints  TNS Total Endpoints      WHS(ns)      THS(ns)  THS Failing Endpoints  THS Total Endpoints  
----------    --------          -------      -------  ---------------------  -------------------      -------      -------  ---------------------  -------------------  


------------------------------------------------------------------------------------------------
| Other Path Groups Table
| -----------------------
------------------------------------------------------------------------------------------------

Path Group         From Clock         To Clock               WNS(ns)      TNS(ns)  TNS Failing Endpoints  TNS Total Endpoints      WHS(ns)      THS(ns)  THS Failing Endpoints  THS Total Endpoints  
----------         ----------         --------               -------      -------  ---------------------  -------------------      -------      -------  ---------------------  -------------------  
**async_default**  clk_f10_p0         clk_f10_p0              94.642        0.000                      0                  653        0.486        0.000                      0                  653  


------------------------------------------------------------------------------------------------
| Timing Details
| --------------
------------------------------------------------------------------------------------------------


---------------------------------------------------------------------------------------------------
From Clock:  sys_clk_pin
  To Clock:  sys_clk_pin

Setup :           NA  Failing Endpoints,  Worst Slack           NA  ,  Total Violation           NA
Hold  :           NA  Failing Endpoints,  Worst Slack           NA  ,  Total Violation           NA
PW    :            0  Failing Endpoints,  Worst Slack        3.000ns,  Total Violation        0.000ns
---------------------------------------------------------------------------------------------------


Pulse Width Checks
--------------------------------------------------------------------------------------
Clock Name:         sys_clk_pin
Waveform(ns):       { 0.000 5.000 }
Period(ns):         10.000
Sources:            { clk_ref }

Check Type        Corner  Lib Pin            Reference Pin  Required(ns)  Actual(ns)  Slack(ns)  Location         Pin
Min Period        n/a     MMCME2_ADV/CLKIN1  n/a            1.249         10.000      8.751      MMCME2_ADV_X1Y0  CLOCK_MANAGEMENT_INSTANTATION/CLOCK_GENERATION_INSTANTATION/MMCM_INSTANTATION/CLKIN1
Max Period        n/a     MMCME2_ADV/CLKIN1  n/a            100.000       10.000      90.000     MMCME2_ADV_X1Y0  CLOCK_MANAGEMENT_INSTANTATION/CLOCK_GENERATION_INSTANTATION/MMCM_INSTANTATION/CLKIN1
Low Pulse Width   Slow    MMCME2_ADV/CLKIN1  n/a            2.000         5.000       3.000      MMCME2_ADV_X1Y0  CLOCK_MANAGEMENT_INSTANTATION/CLOCK_GENERATION_INSTANTATION/MMCM_INSTANTATION/CLKIN1
High Pulse Width  Slow    MMCME2_ADV/CLKIN1  n/a            2.000         5.000       3.000      MMCME2_ADV_X1Y0  CLOCK_MANAGEMENT_INSTANTATION/CLOCK_GENERATION_INSTANTATION/MMCM_INSTANTATION/CLKIN1



---------------------------------------------------------------------------------------------------
From Clock:  clk_f10_p0
  To Clock:  clk_f10_p0

Setup :            0  Failing Endpoints,  Worst Slack       94.258ns,  Total Violation        0.000ns
Hold  :            0  Failing Endpoints,  Worst Slack        0.104ns,  Total Violation        0.000ns
PW    :            0  Failing Endpoints,  Worst Slack       49.500ns,  Total Violation        0.000ns
---------------------------------------------------------------------------------------------------


Max Delay Paths
--------------------------------------------------------------------------------------
Slack (MET) :             94.258ns  (required time - arrival time)
  Source:                 CAC/UART_COMMAND_HANDLER_INSTANTATION/settings_addr_reg[1]/C
                            (rising edge-triggered cell FDCE clocked by clk_f10_p0  {rise@0.000ns fall@50.000ns period=100.000ns})
  Destination:            CAC/UART_COMMAND_HANDLER_INSTANTATION/uart_data_in_reg[1]/D
                            (rising edge-triggered cell FDCE clocked by clk_f10_p0  {rise@0.000ns fall@50.000ns period=100.000ns})
  Path Group:             clk_f10_p0
  Path Type:              Setup (Max at Slow Process Corner)
  Requirement:            100.000ns  (clk_f10_p0 rise@100.000ns - clk_f10_p0 rise@0.000ns)
  Data Path Delay:        5.400ns  (logic 1.275ns (23.612%)  route 4.125ns (76.388%))
  Logic Levels:           4  (LUT3=1 LUT6=2 MUXF7=1)
  Clock Path Skew:        -0.227ns (DCD - SCD + CPR)
    Destination Clock Delay (DCD):    5.813ns = ( 105.813 - 100.000 ) 
    Source Clock Delay      (SCD):    6.278ns
    Clock Pessimism Removal (CPR):    0.239ns
  Clock Uncertainty:      0.190ns  ((TSJ^2 + DJ^2)^1/2) / 2 + PE
    Total System Jitter     (TSJ):    0.071ns
    Discrete Jitter          (DJ):    0.374ns
    Phase Error              (PE):    0.000ns

    Location             Delay type                Incr(ns)  Path(ns)    Netlist Resource(s)
  -------------------------------------------------------------------    -------------------
                         (clock clk_f10_p0 rise edge)
                                                      0.000     0.000 r  
    W5                                                0.000     0.000 r  clk_ref (IN)
                         net (fo=0)                   0.000     0.000    clk_ref
    W5                   IBUF (Prop_ibuf_I_O)         1.458     1.458 r  clk_ref_IBUF_inst/O
                         net (fo=1, routed)           1.233     2.691    CLOCK_MANAGEMENT_INSTANTATION/CLOCK_GENERATION_INSTANTATION/clk_in
    MMCME2_ADV_X1Y0      MMCME2_ADV (Prop_mmcme2_adv_CLKIN1_CLKOUT1)
                                                      0.088     2.779 r  CLOCK_MANAGEMENT_INSTANTATION/CLOCK_GENERATION_INSTANTATION/MMCM_INSTANTATION/CLKOUT1
                         net (fo=1, routed)           1.661     4.441    CLOCK_MANAGEMENT_INSTANTATION/CLOCK_GENERATION_INSTANTATION/clk_out_1
    BUFGCTRL_X0Y0        BUFG (Prop_bufg_I_O)         0.096     4.537 r  CLOCK_MANAGEMENT_INSTANTATION/CLOCK_GENERATION_INSTANTATION/clk_out_1_BUFG_inst/O
                         net (fo=654, routed)         1.741     6.278    CAC/UART_COMMAND_HANDLER_INSTANTATION/clk
    SLICE_X9Y100         FDCE                                         r  CAC/UART_COMMAND_HANDLER_INSTANTATION/settings_addr_reg[1]/C
  -------------------------------------------------------------------    -------------------
    SLICE_X9Y100         FDCE (Prop_fdce_C_Q)         0.456     6.734 r  CAC/UART_COMMAND_HANDLER_INSTANTATION/settings_addr_reg[1]/Q
                         net (fo=81, routed)          2.030     8.764    CAC/SYSTEM_SETTINGS/REGMEM_INSTANTATION/addr[1]
    SLICE_X5Y94          LUT6 (Prop_lut6_I2_O)        0.124     8.888 r  CAC/SYSTEM_SETTINGS/REGMEM_INSTANTATION/data_out[9]_INST_0_i_5/O
                         net (fo=1, routed)           0.000     8.888    CAC/SYSTEM_SETTINGS/REGMEM_INSTANTATION/data_out[9]_INST_0_i_5_n_0
    SLICE_X5Y94          MUXF7 (Prop_muxf7_I1_O)      0.245     9.133 r  CAC/SYSTEM_SETTINGS/REGMEM_INSTANTATION/data_out[9]_INST_0_i_1/O
                         net (fo=1, routed)           1.147    10.281    CAC/SYSTEM_SETTINGS/REGMEM_INSTANTATION/data_out[9]_INST_0_i_1_n_0
    SLICE_X4Y98          LUT6 (Prop_lut6_I0_O)        0.298    10.579 r  CAC/SYSTEM_SETTINGS/REGMEM_INSTANTATION/data_out[9]_INST_0/O
                         net (fo=1, routed)           0.948    11.526    CAC/UART_COMMAND_HANDLER_INSTANTATION/settings_data_out[9]
    SLICE_X5Y99          LUT3 (Prop_lut3_I2_O)        0.152    11.678 r  CAC/UART_COMMAND_HANDLER_INSTANTATION/uart_data_in[1]_i_1/O
                         net (fo=1, routed)           0.000    11.678    CAC/UART_COMMAND_HANDLER_INSTANTATION/uart_data_in[1]_i_1_n_0
    SLICE_X5Y99          FDCE                                         r  CAC/UART_COMMAND_HANDLER_INSTANTATION/uart_data_in_reg[1]/D
  -------------------------------------------------------------------    -------------------

                         (clock clk_f10_p0 rise edge)
                                                    100.000   100.000 r  
    W5                                                0.000   100.000 r  clk_ref (IN)
                         net (fo=0)                   0.000   100.000    clk_ref
    W5                   IBUF (Prop_ibuf_I_O)         1.388   101.388 r  clk_ref_IBUF_inst/O
                         net (fo=1, routed)           1.162   102.550    CLOCK_MANAGEMENT_INSTANTATION/CLOCK_GENERATION_INSTANTATION/clk_in
    MMCME2_ADV_X1Y0      MMCME2_ADV (Prop_mmcme2_adv_CLKIN1_CLKOUT1)
                                                      0.083   102.633 r  CLOCK_MANAGEMENT_INSTANTATION/CLOCK_GENERATION_INSTANTATION/MMCM_INSTANTATION/CLKOUT1
                         net (fo=1, routed)           1.581   104.214    CLOCK_MANAGEMENT_INSTANTATION/CLOCK_GENERATION_INSTANTATION/clk_out_1
    BUFGCTRL_X0Y0        BUFG (Prop_bufg_I_O)         0.091   104.305 r  CLOCK_MANAGEMENT_INSTANTATION/CLOCK_GENERATION_INSTANTATION/clk_out_1_BUFG_inst/O
                         net (fo=654, routed)         1.508   105.813    CAC/UART_COMMAND_HANDLER_INSTANTATION/clk
    SLICE_X5Y99          FDCE                                         r  CAC/UART_COMMAND_HANDLER_INSTANTATION/uart_data_in_reg[1]/C
                         clock pessimism              0.239   106.052    
                         clock uncertainty           -0.190   105.861    
    SLICE_X5Y99          FDCE (Setup_fdce_C_D)        0.075   105.936    CAC/UART_COMMAND_HANDLER_INSTANTATION/uart_data_in_reg[1]
  -------------------------------------------------------------------
                         required time                        105.936    
                         arrival time                         -11.678    
  -------------------------------------------------------------------
                         slack                                 94.258    





Min Delay Paths
--------------------------------------------------------------------------------------
Slack (MET) :             0.104ns  (arrival time - required time)
  Source:                 CAC/UART_INSTANTATION/CIRCULAR_BUFFER_UART_RX_INSTANTATION/data_out_reg[7]/C
                            (rising edge-triggered cell FDCE clocked by clk_f10_p0  {rise@0.000ns fall@50.000ns period=100.000ns})
  Destination:            CAC/UART_COMMAND_HANDLER_INSTANTATION/settings_data_in_reg[15]/D
                            (rising edge-triggered cell FDCE clocked by clk_f10_p0  {rise@0.000ns fall@50.000ns period=100.000ns})
  Path Group:             clk_f10_p0
  Path Type:              Hold (Min at Fast Process Corner)
  Requirement:            0.000ns  (clk_f10_p0 rise@0.000ns - clk_f10_p0 rise@0.000ns)
  Data Path Delay:        0.357ns  (logic 0.164ns (45.912%)  route 0.193ns (54.088%))
  Logic Levels:           0  
  Clock Path Skew:        0.183ns (DCD - SCD - CPR)
    Destination Clock Delay (DCD):    2.340ns
    Source Clock Delay      (SCD):    1.875ns
    Clock Pessimism Removal (CPR):    0.282ns

    Location             Delay type                Incr(ns)  Path(ns)    Netlist Resource(s)
  -------------------------------------------------------------------    -------------------
                         (clock clk_f10_p0 rise edge)
                                                      0.000     0.000 r  
    W5                                                0.000     0.000 r  clk_ref (IN)
                         net (fo=0)                   0.000     0.000    clk_ref
    W5                   IBUF (Prop_ibuf_I_O)         0.226     0.226 r  clk_ref_IBUF_inst/O
                         net (fo=1, routed)           0.440     0.667    CLOCK_MANAGEMENT_INSTANTATION/CLOCK_GENERATION_INSTANTATION/clk_in
    MMCME2_ADV_X1Y0      MMCME2_ADV (Prop_mmcme2_adv_CLKIN1_CLKOUT1)
                                                      0.050     0.717 r  CLOCK_MANAGEMENT_INSTANTATION/CLOCK_GENERATION_INSTANTATION/MMCM_INSTANTATION/CLKOUT1
                         net (fo=1, routed)           0.486     1.203    CLOCK_MANAGEMENT_INSTANTATION/CLOCK_GENERATION_INSTANTATION/clk_out_1
    BUFGCTRL_X0Y0        BUFG (Prop_bufg_I_O)         0.026     1.229 r  CLOCK_MANAGEMENT_INSTANTATION/CLOCK_GENERATION_INSTANTATION/clk_out_1_BUFG_inst/O
                         net (fo=654, routed)         0.646     1.875    CAC/UART_INSTANTATION/CIRCULAR_BUFFER_UART_RX_INSTANTATION/clk
    SLICE_X10Y103        FDCE                                         r  CAC/UART_INSTANTATION/CIRCULAR_BUFFER_UART_RX_INSTANTATION/data_out_reg[7]/C
  -------------------------------------------------------------------    -------------------
    SLICE_X10Y103        FDCE (Prop_fdce_C_Q)         0.164     2.039 r  CAC/UART_INSTANTATION/CIRCULAR_BUFFER_UART_RX_INSTANTATION/data_out_reg[7]/Q
                         net (fo=3, routed)           0.193     2.232    CAC/UART_COMMAND_HANDLER_INSTANTATION/uart_data_out[7]
    SLICE_X9Y99          FDCE                                         r  CAC/UART_COMMAND_HANDLER_INSTANTATION/settings_data_in_reg[15]/D
  -------------------------------------------------------------------    -------------------

                         (clock clk_f10_p0 rise edge)
                                                      0.000     0.000 r  
    W5                                                0.000     0.000 r  clk_ref (IN)
                         net (fo=0)                   0.000     0.000    clk_ref
    W5                   IBUF (Prop_ibuf_I_O)         0.414     0.414 r  clk_ref_IBUF_inst/O
                         net (fo=1, routed)           0.480     0.894    CLOCK_MANAGEMENT_INSTANTATION/CLOCK_GENERATION_INSTANTATION/clk_in
    MMCME2_ADV_X1Y0      MMCME2_ADV (Prop_mmcme2_adv_CLKIN1_CLKOUT1)
                                                      0.053     0.947 r  CLOCK_MANAGEMENT_INSTANTATION/CLOCK_GENERATION_INSTANTATION/MMCM_INSTANTATION/CLKOUT1
                         net (fo=1, routed)           0.530     1.477    CLOCK_MANAGEMENT_INSTANTATION/CLOCK_GENERATION_INSTANTATION/clk_out_1
    BUFGCTRL_X0Y0        BUFG (Prop_bufg_I_O)         0.029     1.506 r  CLOCK_MANAGEMENT_INSTANTATION/CLOCK_GENERATION_INSTANTATION/clk_out_1_BUFG_inst/O
                         net (fo=654, routed)         0.834     2.340    CAC/UART_COMMAND_HANDLER_INSTANTATION/clk
    SLICE_X9Y99          FDCE                                         r  CAC/UART_COMMAND_HANDLER_INSTANTATION/settings_data_in_reg[15]/C
                         clock pessimism             -0.282     2.058    
    SLICE_X9Y99          FDCE (Hold_fdce_C_D)         0.070     2.128    CAC/UART_COMMAND_HANDLER_INSTANTATION/settings_data_in_reg[15]
  -------------------------------------------------------------------
                         required time                         -2.128    
                         arrival time                           2.232    
  -------------------------------------------------------------------
                         slack                                  0.104    





Pulse Width Checks
--------------------------------------------------------------------------------------
Clock Name:         clk_f10_p0
Waveform(ns):       { 0.000 50.000 }
Period(ns):         100.000
Sources:            { CLOCK_MANAGEMENT_INSTANTATION/CLOCK_GENERATION_INSTANTATION/MMCM_INSTANTATION/CLKOUT1 }

Check Type        Corner  Lib Pin             Reference Pin  Required(ns)  Actual(ns)  Slack(ns)  Location         Pin
Min Period        n/a     BUFG/I              n/a            2.155         100.000     97.845     BUFGCTRL_X0Y0    CLOCK_MANAGEMENT_INSTANTATION/CLOCK_GENERATION_INSTANTATION/clk_out_1_BUFG_inst/I
Max Period        n/a     MMCME2_ADV/CLKOUT1  n/a            213.360       100.000     113.360    MMCME2_ADV_X1Y0  CLOCK_MANAGEMENT_INSTANTATION/CLOCK_GENERATION_INSTANTATION/MMCM_INSTANTATION/CLKOUT1
Low Pulse Width   Slow    FDCE/C              n/a            0.500         50.000      49.500     SLICE_X10Y97     CAC/SYSTEM_SETTINGS/REGMEM_INSTANTATION/ram_memory_reg[0][0]/C
High Pulse Width  Slow    FDCE/C              n/a            0.500         50.000      49.500     SLICE_X10Y97     CAC/SYSTEM_SETTINGS/REGMEM_INSTANTATION/ram_memory_reg[0][0]/C



---------------------------------------------------------------------------------------------------
From Clock:  mmcm_feedback
  To Clock:  mmcm_feedback

Setup :           NA  Failing Endpoints,  Worst Slack           NA  ,  Total Violation           NA
Hold  :           NA  Failing Endpoints,  Worst Slack           NA  ,  Total Violation           NA
PW    :            0  Failing Endpoints,  Worst Slack       48.751ns,  Total Violation        0.000ns
---------------------------------------------------------------------------------------------------


Pulse Width Checks
--------------------------------------------------------------------------------------
Clock Name:         mmcm_feedback
Waveform(ns):       { 0.000 25.000 }
Period(ns):         50.000
Sources:            { CLOCK_MANAGEMENT_INSTANTATION/CLOCK_GENERATION_INSTANTATION/MMCM_INSTANTATION/CLKFBOUT }

Check Type  Corner  Lib Pin              Reference Pin  Required(ns)  Actual(ns)  Slack(ns)  Location         Pin
Min Period  n/a     MMCME2_ADV/CLKFBOUT  n/a            1.249         50.000      48.751     MMCME2_ADV_X1Y0  CLOCK_MANAGEMENT_INSTANTATION/CLOCK_GENERATION_INSTANTATION/MMCM_INSTANTATION/CLKFBOUT
Max Period  n/a     MMCME2_ADV/CLKFBIN   n/a            100.000       50.000      50.000     MMCME2_ADV_X1Y0  CLOCK_MANAGEMENT_INSTANTATION/CLOCK_GENERATION_INSTANTATION/MMCM_INSTANTATION/CLKFBIN



---------------------------------------------------------------------------------------------------
Path Group:  **async_default**
From Clock:  clk_f10_p0
  To Clock:  clk_f10_p0

Setup :            0  Failing Endpoints,  Worst Slack       94.642ns,  Total Violation        0.000ns
Hold  :            0  Failing Endpoints,  Worst Slack        0.486ns,  Total Violation        0.000ns
---------------------------------------------------------------------------------------------------


Max Delay Paths
--------------------------------------------------------------------------------------
Slack (MET) :             94.642ns  (required time - arrival time)
  Source:                 CLOCK_MANAGEMENT_INSTANTATION/RESET_SYNCHRONIZER_INSTANTATION_1/rstb_out_reg/C
                            (rising edge-triggered cell FDCE clocked by clk_f10_p0  {rise@0.000ns fall@50.000ns period=100.000ns})
  Destination:            CAC/UART_INSTANTATION/CIRCULAR_BUFFER_UART_TX_INSTANTATION/buffer_reg[3][3]/CLR
                            (recovery check against rising-edge clock clk_f10_p0  {rise@0.000ns fall@50.000ns period=100.000ns})
  Path Group:             **async_default**
  Path Type:              Recovery (Max at Slow Process Corner)
  Requirement:            100.000ns  (clk_f10_p0 rise@100.000ns - clk_f10_p0 rise@0.000ns)
  Data Path Delay:        4.896ns  (logic 0.642ns (13.112%)  route 4.254ns (86.888%))
  Logic Levels:           1  (LUT2=1)
  Clock Path Skew:        0.134ns (DCD - SCD + CPR)
    Destination Clock Delay (DCD):    5.989ns = ( 105.989 - 100.000 ) 
    Source Clock Delay      (SCD):    6.094ns
    Clock Pessimism Removal (CPR):    0.239ns
  Clock Uncertainty:      0.190ns  ((TSJ^2 + DJ^2)^1/2) / 2 + PE
    Total System Jitter     (TSJ):    0.071ns
    Discrete Jitter          (DJ):    0.374ns
    Phase Error              (PE):    0.000ns

    Location             Delay type                Incr(ns)  Path(ns)    Netlist Resource(s)
  -------------------------------------------------------------------    -------------------
                         (clock clk_f10_p0 rise edge)
                                                      0.000     0.000 r  
    W5                                                0.000     0.000 r  clk_ref (IN)
                         net (fo=0)                   0.000     0.000    clk_ref
    W5                   IBUF (Prop_ibuf_I_O)         1.458     1.458 r  clk_ref_IBUF_inst/O
                         net (fo=1, routed)           1.233     2.691    CLOCK_MANAGEMENT_INSTANTATION/CLOCK_GENERATION_INSTANTATION/clk_in
    MMCME2_ADV_X1Y0      MMCME2_ADV (Prop_mmcme2_adv_CLKIN1_CLKOUT1)
                                                      0.088     2.779 r  CLOCK_MANAGEMENT_INSTANTATION/CLOCK_GENERATION_INSTANTATION/MMCM_INSTANTATION/CLKOUT1
                         net (fo=1, routed)           1.661     4.441    CLOCK_MANAGEMENT_INSTANTATION/CLOCK_GENERATION_INSTANTATION/clk_out_1
    BUFGCTRL_X0Y0        BUFG (Prop_bufg_I_O)         0.096     4.537 r  CLOCK_MANAGEMENT_INSTANTATION/CLOCK_GENERATION_INSTANTATION/clk_out_1_BUFG_inst/O
                         net (fo=654, routed)         1.557     6.094    CLOCK_MANAGEMENT_INSTANTATION/RESET_SYNCHRONIZER_INSTANTATION_1/clk
    SLICE_X14Y95         FDCE                                         r  CLOCK_MANAGEMENT_INSTANTATION/RESET_SYNCHRONIZER_INSTANTATION_1/rstb_out_reg/C
  -------------------------------------------------------------------    -------------------
    SLICE_X14Y95         FDCE (Prop_fdce_C_Q)         0.518     6.612 r  CLOCK_MANAGEMENT_INSTANTATION/RESET_SYNCHRONIZER_INSTANTATION_1/rstb_out_reg/Q
                         net (fo=3, routed)           1.160     7.772    CAC/rstb_cac
    SLICE_X13Y101        LUT2 (Prop_lut2_I0_O)        0.124     7.896 f  CAC/UART_INSTANTATION_i_1/O
                         net (fo=347, routed)         3.094    10.990    CAC/UART_INSTANTATION/CIRCULAR_BUFFER_UART_TX_INSTANTATION/rstb
    SLICE_X1Y101         FDCE                                         f  CAC/UART_INSTANTATION/CIRCULAR_BUFFER_UART_TX_INSTANTATION/buffer_reg[3][3]/CLR
  -------------------------------------------------------------------    -------------------

                         (clock clk_f10_p0 rise edge)
                                                    100.000   100.000 r  
    W5                                                0.000   100.000 r  clk_ref (IN)
                         net (fo=0)                   0.000   100.000    clk_ref
    W5                   IBUF (Prop_ibuf_I_O)         1.388   101.388 r  clk_ref_IBUF_inst/O
                         net (fo=1, routed)           1.162   102.550    CLOCK_MANAGEMENT_INSTANTATION/CLOCK_GENERATION_INSTANTATION/clk_in
    MMCME2_ADV_X1Y0      MMCME2_ADV (Prop_mmcme2_adv_CLKIN1_CLKOUT1)
                                                      0.083   102.633 r  CLOCK_MANAGEMENT_INSTANTATION/CLOCK_GENERATION_INSTANTATION/MMCM_INSTANTATION/CLKOUT1
                         net (fo=1, routed)           1.581   104.214    CLOCK_MANAGEMENT_INSTANTATION/CLOCK_GENERATION_INSTANTATION/clk_out_1
    BUFGCTRL_X0Y0        BUFG (Prop_bufg_I_O)         0.091   104.305 r  CLOCK_MANAGEMENT_INSTANTATION/CLOCK_GENERATION_INSTANTATION/clk_out_1_BUFG_inst/O
                         net (fo=654, routed)         1.684   105.989    CAC/UART_INSTANTATION/CIRCULAR_BUFFER_UART_TX_INSTANTATION/clk
    SLICE_X1Y101         FDCE                                         r  CAC/UART_INSTANTATION/CIRCULAR_BUFFER_UART_TX_INSTANTATION/buffer_reg[3][3]/C
                         clock pessimism              0.239   106.228    
                         clock uncertainty           -0.190   106.037    
    SLICE_X1Y101         FDCE (Recov_fdce_C_CLR)     -0.405   105.632    CAC/UART_INSTANTATION/CIRCULAR_BUFFER_UART_TX_INSTANTATION/buffer_reg[3][3]
  -------------------------------------------------------------------
                         required time                        105.632    
                         arrival time                         -10.990    
  -------------------------------------------------------------------
                         slack                                 94.642    





Min Delay Paths
--------------------------------------------------------------------------------------
Slack (MET) :             0.486ns  (arrival time - required time)
  Source:                 CLOCK_MANAGEMENT_INSTANTATION/RESET_SYNCHRONIZER_INSTANTATION_1/rstb_out_reg/C
                            (rising edge-triggered cell FDCE clocked by clk_f10_p0  {rise@0.000ns fall@50.000ns period=100.000ns})
  Destination:            CAC/UART_COMMAND_HANDLER_INSTANTATION/command_reg[2]/CLR
                            (removal check against rising-edge clock clk_f10_p0  {rise@0.000ns fall@50.000ns period=100.000ns})
  Path Group:             **async_default**
  Path Type:              Removal (Min at Fast Process Corner)
  Requirement:            0.000ns  (clk_f10_p0 rise@0.000ns - clk_f10_p0 rise@0.000ns)
  Data Path Delay:        0.771ns  (logic 0.209ns (27.093%)  route 0.562ns (72.907%))
  Logic Levels:           1  (LUT1=1)
  Clock Path Skew:        0.352ns (DCD - SCD - CPR)
    Destination Clock Delay (DCD):    2.427ns
    Source Clock Delay      (SCD):    1.792ns
    Clock Pessimism Removal (CPR):    0.282ns

    Location             Delay type                Incr(ns)  Path(ns)    Netlist Resource(s)
  -------------------------------------------------------------------    -------------------
                         (clock clk_f10_p0 rise edge)
                                                      0.000     0.000 r  
    W5                                                0.000     0.000 r  clk_ref (IN)
                         net (fo=0)                   0.000     0.000    clk_ref
    W5                   IBUF (Prop_ibuf_I_O)         0.226     0.226 r  clk_ref_IBUF_inst/O
                         net (fo=1, routed)           0.440     0.667    CLOCK_MANAGEMENT_INSTANTATION/CLOCK_GENERATION_INSTANTATION/clk_in
    MMCME2_ADV_X1Y0      MMCME2_ADV (Prop_mmcme2_adv_CLKIN1_CLKOUT1)
                                                      0.050     0.717 r  CLOCK_MANAGEMENT_INSTANTATION/CLOCK_GENERATION_INSTANTATION/MMCM_INSTANTATION/CLKOUT1
                         net (fo=1, routed)           0.486     1.203    CLOCK_MANAGEMENT_INSTANTATION/CLOCK_GENERATION_INSTANTATION/clk_out_1
    BUFGCTRL_X0Y0        BUFG (Prop_bufg_I_O)         0.026     1.229 r  CLOCK_MANAGEMENT_INSTANTATION/CLOCK_GENERATION_INSTANTATION/clk_out_1_BUFG_inst/O
                         net (fo=654, routed)         0.564     1.792    CLOCK_MANAGEMENT_INSTANTATION/RESET_SYNCHRONIZER_INSTANTATION_1/clk
    SLICE_X14Y95         FDCE                                         r  CLOCK_MANAGEMENT_INSTANTATION/RESET_SYNCHRONIZER_INSTANTATION_1/rstb_out_reg/C
  -------------------------------------------------------------------    -------------------
    SLICE_X14Y95         FDCE (Prop_fdce_C_Q)         0.164     1.956 r  CLOCK_MANAGEMENT_INSTANTATION/RESET_SYNCHRONIZER_INSTANTATION_1/rstb_out_reg/Q
                         net (fo=3, routed)           0.317     2.273    CAC/UART_COMMAND_HANDLER_INSTANTATION/rstb
    SLICE_X13Y98         LUT1 (Prop_lut1_I0_O)        0.045     2.318 f  CAC/UART_COMMAND_HANDLER_INSTANTATION/uart_rst_i_2/O
                         net (fo=50, routed)          0.245     2.564    CAC/UART_COMMAND_HANDLER_INSTANTATION/uart_rst_i_2_n_0
    SLICE_X12Y100        FDCE                                         f  CAC/UART_COMMAND_HANDLER_INSTANTATION/command_reg[2]/CLR
  -------------------------------------------------------------------    -------------------

                         (clock clk_f10_p0 rise edge)
                                                      0.000     0.000 r  
    W5                                                0.000     0.000 r  clk_ref (IN)
                         net (fo=0)                   0.000     0.000    clk_ref
    W5                   IBUF (Prop_ibuf_I_O)         0.414     0.414 r  clk_ref_IBUF_inst/O
                         net (fo=1, routed)           0.480     0.894    CLOCK_MANAGEMENT_INSTANTATION/CLOCK_GENERATION_INSTANTATION/clk_in
    MMCME2_ADV_X1Y0      MMCME2_ADV (Prop_mmcme2_adv_CLKIN1_CLKOUT1)
                                                      0.053     0.947 r  CLOCK_MANAGEMENT_INSTANTATION/CLOCK_GENERATION_INSTANTATION/MMCM_INSTANTATION/CLKOUT1
                         net (fo=1, routed)           0.530     1.477    CLOCK_MANAGEMENT_INSTANTATION/CLOCK_GENERATION_INSTANTATION/clk_out_1
    BUFGCTRL_X0Y0        BUFG (Prop_bufg_I_O)         0.029     1.506 r  CLOCK_MANAGEMENT_INSTANTATION/CLOCK_GENERATION_INSTANTATION/clk_out_1_BUFG_inst/O
                         net (fo=654, routed)         0.921     2.427    CAC/UART_COMMAND_HANDLER_INSTANTATION/clk
    SLICE_X12Y100        FDCE                                         r  CAC/UART_COMMAND_HANDLER_INSTANTATION/command_reg[2]/C
                         clock pessimism             -0.282     2.145    
    SLICE_X12Y100        FDCE (Remov_fdce_C_CLR)     -0.067     2.078    CAC/UART_COMMAND_HANDLER_INSTANTATION/command_reg[2]
  -------------------------------------------------------------------
                         required time                         -2.078    
                         arrival time                           2.564    
  -------------------------------------------------------------------
                         slack                                  0.486    





